  main.cpp
D:\gamephysic\gamephysicstemplate\Simulations\collisionDetect.h(30,23): warning C4244: 'initializing': conversion from 'double' to 'int', possible loss of data
D:\gamephysic\gamephysicstemplate\Simulations\collisionDetect.h(30,66): warning C4244: '+=': conversion from 'double' to 'int', possible loss of data
D:\gamephysic\gamephysicstemplate\Simulations\collisionDetect.h(33,76): warning C4244: 'argument': conversion from 'int' to 'float', possible loss of data
D:\gamephysic\gamephysicstemplate\Simulations\collisionDetect.h(127,21): warning C4018: '<': signed/unsigned mismatch
D:\gamephysic\gamephysicstemplate\Simulations\collisionDetect.h(129,21): warning C4018: '<': signed/unsigned mismatch
D:\gamephysic\gamephysicstemplate\Simulations\collisionDetect.h(146,21): warning C4018: '<': signed/unsigned mismatch
D:\gamephysic\gamephysicstemplate\Simulations\collisionDetect.h(232,21): warning C4018: '<': signed/unsigned mismatch
D:\gamephysic\gamephysicstemplate\Simulations\collisionDetect.h(261,21): warning C4018: '<': signed/unsigned mismatch
D:\gamephysic\gamephysicstemplate\Simulations\collisionDetect.h(284,21): warning C4018: '<': signed/unsigned mismatch
D:\gamephysic\gamephysicstemplate\Simulations\collisionDetect.h(309,21): warning C4018: '<': signed/unsigned mismatch
D:\gamephysic\gamephysicstemplate\Simulations\main.cpp(44,27): warning C4305: 'initializing': truncation from 'double' to 'float'
D:\gamephysic\gamephysicstemplate\Simulations\main.cpp(395,47): warning C4316: 'RigidBodySystemSimulator': object allocated on the heap may not be aligned 16
D:\gamephysic\gamephysicstemplate\Simulations\util\vectorbase.h(204,36): warning C4244: 'argument': conversion from 'const Scalar' to 'float', possible loss of data
          with
          [
              Scalar=GamePhysics::Real
          ]
D:\gamephysic\gamephysicstemplate\Simulations\util\vectorbase.h(203): message : while compiling class template member function 'DirectX::XMVECTOR GamePhysics::vector3Dim<GamePhysics::Real>::toDirectXVector(void) const'
D:\gamephysic\gamephysicstemplate\Simulations\DrawingUtilitiesClass.h(285): message : see reference to function template instantiation 'DirectX::XMVECTOR GamePhysics::vector3Dim<GamePhysics::Real>::toDirectXVector(void) const' being compiled
D:\gamephysic\gamephysicstemplate\Simulations\util\vectorbase.h(859): message : see reference to class template instantiation 'GamePhysics::vector3Dim<GamePhysics::Real>' being compiled
D:\gamephysic\gamephysicstemplate\Simulations\util\vectorbase.h(204,34): warning C4244: 'argument': conversion from 'const Scalar' to 'float', possible loss of data
          with
          [
              Scalar=GamePhysics::Real
          ]
D:\gamephysic\gamephysicstemplate\Simulations\util\vectorbase.h(204,32): warning C4244: 'argument': conversion from 'const Scalar' to 'float', possible loss of data
          with
          [
              Scalar=GamePhysics::Real
          ]
D:\gamephysic\gamephysicstemplate\Simulations\util\matrixbase.h(777,79): warning C4244: 'argument': conversion from 'Scalar' to 'float', possible loss of data
          with
          [
              Scalar=double
          ]
D:\gamephysic\gamephysicstemplate\Simulations\util\matrixbase.h(773): message : while compiling class template member function 'DirectX::XMMATRIX GamePhysics::matrix4x4<double>::toDirectXMatrix(void)'
D:\gamephysic\gamephysicstemplate\Simulations\DrawingUtilitiesClass.h(380): message : see reference to function template instantiation 'DirectX::XMMATRIX GamePhysics::matrix4x4<double>::toDirectXMatrix(void)' being compiled
D:\gamephysic\gamephysicstemplate\Simulations\DrawingUtilitiesClass.h(379): message : see reference to class template instantiation 'GamePhysics::matrix4x4<double>' being compiled
D:\gamephysic\gamephysicstemplate\Simulations\util\matrixbase.h(777,61): warning C4244: 'argument': conversion from 'Scalar' to 'float', possible loss of data
          with
          [
              Scalar=double
          ]
D:\gamephysic\gamephysicstemplate\Simulations\util\matrixbase.h(777,43): warning C4244: 'argument': conversion from 'Scalar' to 'float', possible loss of data
          with
          [
              Scalar=double
          ]
D:\gamephysic\gamephysicstemplate\Simulations\util\matrixbase.h(777,25): warning C4244: 'argument': conversion from 'Scalar' to 'float', possible loss of data
          with
          [
              Scalar=double
          ]
D:\gamephysic\gamephysicstemplate\Simulations\util\matrixbase.h(776,79): warning C4244: 'argument': conversion from 'Scalar' to 'float', possible loss of data
          with
          [
              Scalar=double
          ]
D:\gamephysic\gamephysicstemplate\Simulations\util\matrixbase.h(776,61): warning C4244: 'argument': conversion from 'Scalar' to 'float', possible loss of data
          with
          [
              Scalar=double
          ]
D:\gamephysic\gamephysicstemplate\Simulations\util\matrixbase.h(776,43): warning C4244: 'argument': conversion from 'Scalar' to 'float', possible loss of data
          with
          [
              Scalar=double
          ]
D:\gamephysic\gamephysicstemplate\Simulations\util\matrixbase.h(776,25): warning C4244: 'argument': conversion from 'Scalar' to 'float', possible loss of data
          with
          [
              Scalar=double
          ]
D:\gamephysic\gamephysicstemplate\Simulations\util\matrixbase.h(775,79): warning C4244: 'argument': conversion from 'Scalar' to 'float', possible loss of data
          with
          [
              Scalar=double
          ]
D:\gamephysic\gamephysicstemplate\Simulations\util\matrixbase.h(775,61): warning C4244: 'argument': conversion from 'Scalar' to 'float', possible loss of data
          with
          [
              Scalar=double
          ]
D:\gamephysic\gamephysicstemplate\Simulations\util\matrixbase.h(775,43): warning C4244: 'argument': conversion from 'Scalar' to 'float', possible loss of data
          with
          [
              Scalar=double
          ]
D:\gamephysic\gamephysicstemplate\Simulations\util\matrixbase.h(775,25): warning C4244: 'argument': conversion from 'Scalar' to 'float', possible loss of data
          with
          [
              Scalar=double
          ]
D:\gamephysic\gamephysicstemplate\Simulations\util\matrixbase.h(774,97): warning C4244: 'argument': conversion from 'Scalar' to 'float', possible loss of data
          with
          [
              Scalar=double
          ]
D:\gamephysic\gamephysicstemplate\Simulations\util\matrixbase.h(774,79): warning C4244: 'argument': conversion from 'Scalar' to 'float', possible loss of data
          with
          [
              Scalar=double
          ]
D:\gamephysic\gamephysicstemplate\Simulations\util\matrixbase.h(774,61): warning C4244: 'argument': conversion from 'Scalar' to 'float', possible loss of data
          with
          [
              Scalar=double
          ]
D:\gamephysic\gamephysicstemplate\Simulations\util\matrixbase.h(774,43): warning C4244: 'argument': conversion from 'Scalar' to 'float', possible loss of data
          with
          [
              Scalar=double
          ]
  Generating code
  2 of 1386 functions ( 0.1%) were compiled, the rest were copied from previous compilation.
    0 functions were new in current compilation
    12 functions had inline decision re-evaluated but remain unchanged
  Finished generating code
  SimulationsRunner_2017.vcxproj -> D:\gamephysic\gamephysicstemplate\Win32\Release\SimulationsRunner_2017.exe
